<?xml version="1.0" encoding="UTF-8"?>
<!-- Generated by org.testng.reporters.JUnitReportReporter -->
<testsuite hostname="DESKTOP-J9JQ713" failures="0" tests="1" name="jenkinsDemo.ClassA" time="0.015" errors="0" timestamp="2023-04-05T16:59:28 IST" skipped="0">
  <testcase classname="jenkinsDemo.ClassA" name="test" time="0.015"/>
  <system-out/>
</testsuite> <!-- jenkinsDemo.ClassA -->
