<?xml version="1.0" encoding="UTF-8"?>
<!-- Generated by org.testng.reporters.JUnitReportReporter -->
<testsuite hostname="DESKTOP-J9JQ713" failures="0" tests="1" name="jenkinsDemo.ClassA" time="0.018" errors="0" timestamp="2023-04-05T11:06:02 IST" skipped="0">
  <testcase classname="jenkinsDemo.ClassA" name="test" time="0.018"/>
  <system-out>
    <![CDATA[--------------This is Just to test Jenkins]]>
  </system-out>
</testsuite> <!-- jenkinsDemo.ClassA -->
